<?xml version="1.0" encoding="UTF-8"?>
<testsuite xmlns:xsi="http://www.w3.org/2001/XMLSchema-instance" xsi:noNamespaceSchemaLocation="https://maven.apache.org/surefire/maven-surefire-plugin/xsd/surefire-test-report-3.0.xsd" version="3.0" name="employee.EmployeeAccessSystemTest" time="0.109" tests="15" errors="0" skipped="0" failures="0">
  <properties>
[...]
</properties>
  <testcase name="testInvalidClearanceLevel" classname="employee.EmployeeAccessSystemTest" time="0.009"/>
  <testcase name="testInactiveEmployee" classname="employee.EmployeeAccessSystemTest" time="0.0"/>
  <testcase name="testInvalidEmployeeIdInput" classname="employee.EmployeeAccessSystemTest" time="0.0"/>
  <testcase name="testBoundaryAge21" classname="employee.EmployeeAccessSystemTest" time="0.0"/>
  <testcase name="testConditionalEligibility" classname="employee.EmployeeAccessSystemTest" time="0.0"/>
  <testcase name="testInsufficientClearance" classname="employee.EmployeeAccessSystemTest" time="0.006"/>
  <testcase name="testInvalidEmployeeId" classname="employee.EmployeeAccessSystemTest" time="0.0"/>
  <testcase name="testInvalidAccessLevel" classname="employee.EmployeeAccessSystemTest" time="0.0"/>
  <testcase name="testAuthorizedDepartment" classname="employee.EmployeeAccessSystemTest" time="0.001"/>
  <testcase name="testMultipleFailures" classname="employee.EmployeeAccessSystemTest" time="0.0"/>
  <testcase name="testConfidentialAccessWithHighClearance" classname="employee.EmployeeAccessSystemTest" time="0.0"/>
  <testcase name="testEligibleEmployee" classname="employee.EmployeeAccessSystemTest" time="0.001"/>
  <testcase name="testAgeBelow21" classname="employee.EmployeeAccessSystemTest" time="0.0"/>
  <testcase name="testNegativeAgeInput" classname="employee.EmployeeAccessSystemTest" time="0.0"/>
  <testcase name="testUnauthorizedDepartment" classname="employee.EmployeeAccessSystemTest" time="0.0"/>
</testsuite>